<?xml version="1.0" encoding="UTF-8"?>
<robot generator="Robot 7.0 (Python 3.8.10 on linux)" generated="2024-02-08T11:49:28.866219" rpa="false" schemaversion="5">
<suite id="s1" name="Automation" source="/home/drashti/Documents/Android_Automation/robot-files/Mobile_Automation/Mobile_app_Automation/Robot/automation.robot">
<test id="s1-t1" name="Open Test Application" line="20">
<kw name="Open Application" owner="AppiumLibrary">
<arg>${APPIUM_SERVER}</arg>
<arg>automationName=${AUTOMATION_NAME}</arg>
<arg>platformName=${PLATFORM_NAME}</arg>
<arg>platformVersion=${PLATFORM_VERSION}</arg>
<arg>deviceName=${DEVICE_NAME}</arg>
<arg>appPackage=${PACKAGE_NAME}</arg>
<arg>appActivity=${ACTIVITY_NAME}</arg>
<arg>noReset=true</arg>
<arg>allowInsecure=true</arg>
<doc>Opens a new application to given Appium server.
Capabilities of appium server, Android and iOS,
Please check https://github.com/appium/appium/blob/master/docs/en/writing-running-appium/server-args.md
| *Option*            | *Man.* | *Description*     |
| remote_url          | Yes    | Appium server url |
| alias               | no     | alias             |
| strict_ssl          | No     | allows you to send commands to an invalid certificate host like a self-signed one. |</doc>
<status status="PASS" start="2024-02-08T11:49:29.102142" elapsed="7.317967"/>
</kw>
<status status="PASS" start="2024-02-08T11:49:29.100383" elapsed="7.324414"/>
</test>
<status status="PASS" start="2024-02-08T11:49:28.873934" elapsed="7.561886"/>
</suite>
<statistics>
<total>
<stat pass="1" fail="0" skip="0">All Tests</stat>
</total>
<tag>
</tag>
<suite>
<stat pass="1" fail="0" skip="0" id="s1" name="Automation">Automation</stat>
</suite>
</statistics>
<errors>
</errors>
</robot>
